<?xml version="1.0" encoding="UTF-8"?>
<coverage generated="1638186447903" clover="3.2.0">
  <project timestamp="1638186447903" name="All files">
    <metrics statements="12" coveredstatements="7" conditionals="0" coveredconditionals="0" methods="2" coveredmethods="2" elements="14" coveredelements="9" complexity="0" loc="12" ncloc="12" packages="1" files="2" classes="2"/>
    <file name="analyzeSentiment.js" path="/Users/hikmanisyarifulfajar/Documents/UDACITY/FRONTEND_WEB_DEVELOPER/Lesson-4_Build_Tools/Evaluate-News-NLP/src/client/js/analyzeSentiment.js">
      <metrics statements="6" coveredstatements="4" conditionals="0" coveredconditionals="0" methods="1" coveredmethods="1"/>
      <line num="2" count="1" type="stmt"/>
      <line num="8" count="1" type="stmt"/>
      <line num="9" count="1" type="stmt"/>
      <line num="13" count="0" type="stmt"/>
      <line num="14" count="0" type="stmt"/>
      <line num="16" count="1" type="stmt"/>
    </file>
    <file name="getApiKey.js" path="/Users/hikmanisyarifulfajar/Documents/UDACITY/FRONTEND_WEB_DEVELOPER/Lesson-4_Build_Tools/Evaluate-News-NLP/src/client/js/getApiKey.js">
      <metrics statements="6" coveredstatements="3" conditionals="0" coveredconditionals="0" methods="1" coveredmethods="1"/>
      <line num="2" count="1" type="stmt"/>
      <line num="3" count="1" type="stmt"/>
      <line num="4" count="0" type="stmt"/>
      <line num="5" count="0" type="stmt"/>
      <line num="6" count="0" type="stmt"/>
      <line num="8" count="1" type="stmt"/>
    </file>
  </project>
</coverage>
