{"/Users/hikmanisyarifulfajar/Documents/UDACITY/FRONTEND_WEB_DEVELOPER/Lesson-4_Build_Tools/Evaluate-News-NLP/src/client/js/analyzeSentiment.js": {"path":"/Users/hikmanisyarifulfajar/Documents/UDACITY/FRONTEND_WEB_DEVELOPER/Lesson-4_Build_Tools/Evaluate-News-NLP/src/client/js/analyzeSentiment.js","statementMap":{"0":{"start":{"line":2,"column":25},"end":{"line":6,"column":3}},"1":{"start":{"line":8,"column":2},"end":{"line":17,"column":3}},"2":{"start":{"line":9,"column":21},"end":{"line":12,"column":5}},"3":{"start":{"line":13,"column":17},"end":{"line":13,"column":38}},"4":{"start":{"line":14,"column":4},"end":{"line":14,"column":16}},"5":{"start":{"line":16,"column":4},"end":{"line":16,"column":51}}},"fnMap":{"0":{"name":"analyzeSentiment","decl":{"start":{"line":1,"column":15},"end":{"line":1,"column":31}},"loc":{"start":{"line":1,"column":42},"end":{"line":18,"column":1}},"line":1}},"branchMap":{},"s":{"0":1,"1":1,"2":1,"3":0,"4":0,"5":1},"f":{"0":1},"b":{},"_coverageSchema":"1a1c01bbd47fc00a2c39e90264f33305004495a9","hash":"bdd2439257b91429bc6917de8e92722a8dee6f74"}
,"/Users/hikmanisyarifulfajar/Documents/UDACITY/FRONTEND_WEB_DEVELOPER/Lesson-4_Build_Tools/Evaluate-News-NLP/src/client/js/getApiKey.js": {"path":"/Users/hikmanisyarifulfajar/Documents/UDACITY/FRONTEND_WEB_DEVELOPER/Lesson-4_Build_Tools/Evaluate-News-NLP/src/client/js/getApiKey.js","statementMap":{"0":{"start":{"line":2,"column":2},"end":{"line":9,"column":3}},"1":{"start":{"line":3,"column":21},"end":{"line":3,"column":61}},"2":{"start":{"line":4,"column":17},"end":{"line":4,"column":38}},"3":{"start":{"line":5,"column":19},"end":{"line":5,"column":30}},"4":{"start":{"line":6,"column":4},"end":{"line":6,"column":18}},"5":{"start":{"line":8,"column":4},"end":{"line":8,"column":43}}},"fnMap":{"0":{"name":"getApiKey","decl":{"start":{"line":1,"column":15},"end":{"line":1,"column":24}},"loc":{"start":{"line":1,"column":27},"end":{"line":10,"column":1}},"line":1}},"branchMap":{},"s":{"0":1,"1":1,"2":0,"3":0,"4":0,"5":1},"f":{"0":1},"b":{},"_coverageSchema":"1a1c01bbd47fc00a2c39e90264f33305004495a9","hash":"b92b816784e0fbf5c15e73f4a04ccd9a67e6a95c"}
}
